build/app/intermediates/manifest_merge_blame_file/debug/manifest-merger-blame-debug-report.txt
1<?xml version="1.0" encoding="utf-8"?>
2<manifest xmlns:android="http://schemas.android.com/apk/res/android"
3    package="com.colorpick_flutter"
4    android:versionCode="1"
5    android:versionName="1.0.0" >
6
7    <uses-sdk
8        android:minSdkVersion="21"
9        android:targetSdkVersion="31" />
10    <!--
11         Flutter needs it to communicate with the running application
12         to allow setting breakpoints, to provide hot reload, etc.
13    -->
14    <uses-permission android:name="android.permission.INTERNET" />
14-->src\debug\AndroidManifest.xml:6:5-66
14-->src\debug\AndroidManifest.xml:6:22-64
15    <uses-permission android:name="android.permission.READ_CONTACTS" />
15-->src\main\AndroidManifest.xml:3:5-72
15-->src\main\AndroidManifest.xml:3:22-69
16    <uses-permission android:name="android.permission.WRITE_CONTACTS" />
16-->src\main\AndroidManifest.xml:4:5-73
16-->src\main\AndroidManifest.xml:4:22-70
17
18    <queries>
18-->[:contacts_service] AndroidManifest.xml:11:5-24:15
19        <intent>
19-->[:contacts_service] AndroidManifest.xml:12:9-14:18
20            <action android:name="android.accounts.AccountAuthenticator" />
20-->[:contacts_service] AndroidManifest.xml:13:13-76
20-->[:contacts_service] AndroidManifest.xml:13:21-73
21        </intent>
22        <!-- Allows the app to load an icon corresponding to the custom MIME type. -->
23        <intent>
23-->[:contacts_service] AndroidManifest.xml:16:9-23:18
24            <action android:name="android.intent.action.VIEW" />
24-->[:contacts_service] AndroidManifest.xml:17:13-65
24-->[:contacts_service] AndroidManifest.xml:17:21-62
25
26            <data
26-->[:contacts_service] AndroidManifest.xml:19:13-22:44
27                android:host="com.android.contacts"
27-->[:contacts_service] AndroidManifest.xml:20:17-52
28                android:mimeType="vnd.android.cursor.item/*"
28-->[:contacts_service] AndroidManifest.xml:21:17-61
29                android:scheme="content" />
29-->[:contacts_service] AndroidManifest.xml:22:17-41
30        </intent>
31    </queries>
32
33    <uses-permission android:name="android.permission.CAMERA" />
33-->[:camera_android] AndroidManifest.xml:9:5-65
33-->[:camera_android] AndroidManifest.xml:9:22-62
34    <uses-permission android:name="android.permission.RECORD_AUDIO" />
34-->[:camera_android] AndroidManifest.xml:10:5-71
34-->[:camera_android] AndroidManifest.xml:10:22-68
35
36    <application
37        android:name="android.app.Application"
38        android:appComponentFactory="androidx.core.app.CoreComponentFactory"
38-->[androidx.core:core:1.6.0] AndroidManifest.xml:24:18-86
39        android:debuggable="true"
40        android:icon="@mipmap/ic_launcher"
41        android:label="colorpick_flutter" >
42        <activity
43            android:name="com.colorpick_flutter.MainActivity"
44            android:configChanges="orientation|keyboardHidden|keyboard|screenSize|smallestScreenSize|locale|layoutDirection|fontScale|screenLayout|density|uiMode"
45            android:exported="true"
46            android:hardwareAccelerated="true"
47            android:launchMode="singleTop"
48            android:theme="@style/LaunchTheme"
49            android:windowSoftInputMode="adjustResize" >
50
51            <!--
52                 Specifies an Android theme to apply to this Activity as soon as
53                 the Android process has started. This theme is visible to the user
54                 while the Flutter UI initializes. After that, this theme continues
55                 to determine the Window background behind the Flutter UI.
56            -->
57            <meta-data
58                android:name="io.flutter.embedding.android.NormalTheme"
59                android:resource="@style/NormalTheme" />
60
61            <intent-filter>
62                <action android:name="android.intent.action.MAIN" />
63
64                <category android:name="android.intent.category.LAUNCHER" />
65            </intent-filter>
66        </activity>
67        <!--
68             Don't delete the meta-data below.
69             This is used by the Flutter tool to generate GeneratedPluginRegistrant.java
70        -->
71        <meta-data
72            android:name="flutterEmbedding"
73            android:value="2" />
74
75        <uses-library
75-->[androidx.window:window:1.0.0-beta04] AndroidManifest.xml:25:9-27:40
76            android:name="androidx.window.extensions"
76-->[androidx.window:window:1.0.0-beta04] AndroidManifest.xml:26:13-54
77            android:required="false" />
77-->[androidx.window:window:1.0.0-beta04] AndroidManifest.xml:27:13-37
78        <uses-library
78-->[androidx.window:window:1.0.0-beta04] AndroidManifest.xml:28:9-30:40
79            android:name="androidx.window.sidecar"
79-->[androidx.window:window:1.0.0-beta04] AndroidManifest.xml:29:13-51
80            android:required="false" />
80-->[androidx.window:window:1.0.0-beta04] AndroidManifest.xml:30:13-37
81    </application>
82
83</manifest>